2023-05-09 22:12:17,687 DEBUG [background-preinit][LoggerProviders.java:152] - Logging Provider: org.jboss.logging.Log4j2LoggerProvider
2023-05-09 22:12:17,687 DEBUG [background-preinit][LoggerProviders.java:152] - Logging Provider: org.jboss.logging.Log4j2LoggerProvider
2023-05-09 22:12:17,702 INFO [background-preinit][Version.java:21] - HV000001: Hibernate Validator 6.1.6.Final
2023-05-09 22:12:17,702 INFO [background-preinit][Version.java:21] - HV000001: Hibernate Validator 6.1.6.Final
2023-05-09 22:12:17,711 DEBUG [background-preinit][ValidationXmlParser.java:120] - Trying to load META-INF/validation.xml for XML based Validator configuration.
2023-05-09 22:12:17,711 DEBUG [background-preinit][ValidationXmlParser.java:120] - Trying to load META-INF/validation.xml for XML based Validator configuration.
2023-05-09 22:12:17,713 DEBUG [background-preinit][ResourceLoaderHelper.java:60] - Trying to load META-INF/validation.xml via TCCL
2023-05-09 22:12:17,713 DEBUG [background-preinit][ResourceLoaderHelper.java:60] - Trying to load META-INF/validation.xml via TCCL
2023-05-09 22:12:17,713 DEBUG [background-preinit][ResourceLoaderHelper.java:66] - Trying to load META-INF/validation.xml via Hibernate Validator's class loader
2023-05-09 22:12:17,713 DEBUG [background-preinit][ResourceLoaderHelper.java:66] - Trying to load META-INF/validation.xml via Hibernate Validator's class loader
2023-05-09 22:12:17,714 DEBUG [background-preinit][ValidationXmlParser.java:127] - No META-INF/validation.xml found. Using annotation based configuration only.
2023-05-09 22:12:17,714 DEBUG [background-preinit][ValidationXmlParser.java:127] - No META-INF/validation.xml found. Using annotation based configuration only.
2023-05-09 22:12:17,717 DEBUG [background-preinit][TraversableResolvers.java:60] - Cannot find javax.persistence.Persistence on classpath. Assuming non JPA 2 environment. All properties will per default be traversable.
2023-05-09 22:12:17,717 DEBUG [background-preinit][TraversableResolvers.java:60] - Cannot find javax.persistence.Persistence on classpath. Assuming non JPA 2 environment. All properties will per default be traversable.
2023-05-09 22:12:17,737 DEBUG [background-preinit][ResourceBundleMessageInterpolator.java:172] - Loaded expression factory via original TCCL
2023-05-09 22:12:17,737 DEBUG [background-preinit][ResourceBundleMessageInterpolator.java:172] - Loaded expression factory via original TCCL
2023-05-09 22:12:17,878 DEBUG [background-preinit][ValidatorFactoryConfigurationHelper.java:300] - HV000252: Using org.hibernate.validator.internal.engine.DefaultPropertyNodeNameProvider as property node name provider.
2023-05-09 22:12:17,878 DEBUG [background-preinit][ValidatorFactoryConfigurationHelper.java:300] - HV000252: Using org.hibernate.validator.internal.engine.DefaultPropertyNodeNameProvider as property node name provider.
2023-05-09 22:12:17,883 DEBUG [background-preinit][ValidatorFactoryConfigurationHelper.java:375] - HV000234: Using org.hibernate.validator.messageinterpolation.ResourceBundleMessageInterpolator as ValidatorFactory-scoped message interpolator.
2023-05-09 22:12:17,883 DEBUG [background-preinit][ValidatorFactoryConfigurationHelper.java:375] - HV000234: Using org.hibernate.validator.messageinterpolation.ResourceBundleMessageInterpolator as ValidatorFactory-scoped message interpolator.
2023-05-09 22:12:17,883 DEBUG [background-preinit][ValidatorFactoryConfigurationHelper.java:376] - HV000234: Using org.hibernate.validator.internal.engine.resolver.TraverseAllTraversableResolver as ValidatorFactory-scoped traversable resolver.
2023-05-09 22:12:17,883 DEBUG [background-preinit][ValidatorFactoryConfigurationHelper.java:376] - HV000234: Using org.hibernate.validator.internal.engine.resolver.TraverseAllTraversableResolver as ValidatorFactory-scoped traversable resolver.
2023-05-09 22:12:17,883 DEBUG [background-preinit][ValidatorFactoryConfigurationHelper.java:377] - HV000234: Using org.hibernate.validator.internal.util.ExecutableParameterNameProvider as ValidatorFactory-scoped parameter name provider.
2023-05-09 22:12:17,883 DEBUG [background-preinit][ValidatorFactoryConfigurationHelper.java:377] - HV000234: Using org.hibernate.validator.internal.util.ExecutableParameterNameProvider as ValidatorFactory-scoped parameter name provider.
2023-05-09 22:12:17,884 DEBUG [background-preinit][ValidatorFactoryConfigurationHelper.java:378] - HV000234: Using org.hibernate.validator.internal.engine.DefaultClockProvider as ValidatorFactory-scoped clock provider.
2023-05-09 22:12:17,884 DEBUG [background-preinit][ValidatorFactoryConfigurationHelper.java:378] - HV000234: Using org.hibernate.validator.internal.engine.DefaultClockProvider as ValidatorFactory-scoped clock provider.
2023-05-09 22:12:17,884 DEBUG [background-preinit][ValidatorFactoryConfigurationHelper.java:379] - HV000234: Using org.hibernate.validator.internal.engine.scripting.DefaultScriptEvaluatorFactory as ValidatorFactory-scoped script evaluator factory.
2023-05-09 22:12:17,884 DEBUG [background-preinit][ValidatorFactoryConfigurationHelper.java:379] - HV000234: Using org.hibernate.validator.internal.engine.scripting.DefaultScriptEvaluatorFactory as ValidatorFactory-scoped script evaluator factory.
2023-05-09 22:12:18,082 INFO [main][SpringApplication.java:651] - No active profile set, falling back to default profiles: default
2023-05-09 22:12:18,082 INFO [main][SpringApplication.java:651] - No active profile set, falling back to default profiles: default
2023-05-09 22:12:18,712 DEBUG [main][LogFactory.java:105] - Logging initialized using 'class org.apache.ibatis.logging.slf4j.Slf4jImpl' adapter.
2023-05-09 22:12:18,712 DEBUG [main][LogFactory.java:105] - Logging initialized using 'class org.apache.ibatis.logging.slf4j.Slf4jImpl' adapter.
2023-05-09 22:12:18,773 INFO [main][GenericScope.java:295] - BeanFactory id=efdad792-de35-3d62-8ff1-f74a42cf11b9
2023-05-09 22:12:18,773 INFO [main][GenericScope.java:295] - BeanFactory id=efdad792-de35-3d62-8ff1-f74a42cf11b9
2023-05-09 22:12:19,023 INFO [main][TomcatWebServer.java:108] - Tomcat initialized with port(s): 63110 (http)
2023-05-09 22:12:19,023 INFO [main][TomcatWebServer.java:108] - Tomcat initialized with port(s): 63110 (http)
2023-05-09 22:12:19,030 INFO [main][DirectJDKLog.java:173] - Initializing ProtocolHandler ["http-nio-63110"]
2023-05-09 22:12:19,030 INFO [main][DirectJDKLog.java:173] - Initializing ProtocolHandler ["http-nio-63110"]
2023-05-09 22:12:19,031 INFO [main][DirectJDKLog.java:173] - Starting service [Tomcat]
2023-05-09 22:12:19,031 INFO [main][DirectJDKLog.java:173] - Starting service [Tomcat]
2023-05-09 22:12:19,031 INFO [main][DirectJDKLog.java:173] - Starting Servlet engine: [Apache Tomcat/9.0.41]
2023-05-09 22:12:19,031 INFO [main][DirectJDKLog.java:173] - Starting Servlet engine: [Apache Tomcat/9.0.41]
2023-05-09 22:12:19,141 INFO [main][DirectJDKLog.java:173] - Initializing Spring embedded WebApplicationContext
2023-05-09 22:12:19,141 INFO [main][DirectJDKLog.java:173] - Initializing Spring embedded WebApplicationContext
2023-05-09 22:12:19,141 INFO [main][ServletWebServerApplicationContext.java:285] - Root WebApplicationContext: initialization completed in 1043 ms
2023-05-09 22:12:19,141 INFO [main][ServletWebServerApplicationContext.java:285] - Root WebApplicationContext: initialization completed in 1043 ms
2023-05-09 22:12:19,421 DEBUG [main][HikariConfig.java:946] - Driver class com.mysql.cj.jdbc.Driver found in Thread context class loader sun.misc.Launcher$AppClassLoader@18b4aac2
2023-05-09 22:12:19,421 DEBUG [main][HikariConfig.java:946] - Driver class com.mysql.cj.jdbc.Driver found in Thread context class loader sun.misc.Launcher$AppClassLoader@18b4aac2
2023-05-09 22:12:19,484 DEBUG [main][Logger.java:49] - Registered plugin: 'com.baomidou.mybatisplus.extension.plugins.MybatisPlusInterceptor@46349b95'
2023-05-09 22:12:19,484 DEBUG [main][Logger.java:49] - Registered plugin: 'com.baomidou.mybatisplus.extension.plugins.MybatisPlusInterceptor@46349b95'
2023-05-09 22:12:19,485 DEBUG [main][Logger.java:49] - Property 'mapperLocations' was not specified.
2023-05-09 22:12:19,485 DEBUG [main][Logger.java:49] - Property 'mapperLocations' was not specified.
2023-05-09 22:12:20,144 DEBUG [main][MybatisConfiguration.java:128] - addMappedStatement: com.xuecheng.system.mapper.DictionaryMapper.insert
2023-05-09 22:12:20,144 DEBUG [main][MybatisConfiguration.java:128] - addMappedStatement: com.xuecheng.system.mapper.DictionaryMapper.insert
2023-05-09 22:12:20,150 DEBUG [main][MybatisConfiguration.java:128] - addMappedStatement: com.xuecheng.system.mapper.DictionaryMapper.delete
2023-05-09 22:12:20,150 DEBUG [main][MybatisConfiguration.java:128] - addMappedStatement: com.xuecheng.system.mapper.DictionaryMapper.delete
2023-05-09 22:12:20,154 DEBUG [main][MybatisConfiguration.java:128] - addMappedStatement: com.xuecheng.system.mapper.DictionaryMapper.deleteByMap
2023-05-09 22:12:20,154 DEBUG [main][MybatisConfiguration.java:128] - addMappedStatement: com.xuecheng.system.mapper.DictionaryMapper.deleteByMap
2023-05-09 22:12:20,180 DEBUG [main][MybatisConfiguration.java:128] - addMappedStatement: com.xuecheng.system.mapper.DictionaryMapper.deleteById
2023-05-09 22:12:20,180 DEBUG [main][MybatisConfiguration.java:128] - addMappedStatement: com.xuecheng.system.mapper.DictionaryMapper.deleteById
2023-05-09 22:12:20,182 DEBUG [main][MybatisConfiguration.java:128] - addMappedStatement: com.xuecheng.system.mapper.DictionaryMapper.deleteBatchIds
2023-05-09 22:12:20,182 DEBUG [main][MybatisConfiguration.java:128] - addMappedStatement: com.xuecheng.system.mapper.DictionaryMapper.deleteBatchIds
2023-05-09 22:12:20,188 DEBUG [main][MybatisConfiguration.java:128] - addMappedStatement: com.xuecheng.system.mapper.DictionaryMapper.update
2023-05-09 22:12:20,188 DEBUG [main][MybatisConfiguration.java:128] - addMappedStatement: com.xuecheng.system.mapper.DictionaryMapper.update
2023-05-09 22:12:20,192 DEBUG [main][MybatisConfiguration.java:128] - addMappedStatement: com.xuecheng.system.mapper.DictionaryMapper.updateById
2023-05-09 22:12:20,192 DEBUG [main][MybatisConfiguration.java:128] - addMappedStatement: com.xuecheng.system.mapper.DictionaryMapper.updateById
2023-05-09 22:12:20,194 DEBUG [main][MybatisConfiguration.java:128] - addMappedStatement: com.xuecheng.system.mapper.DictionaryMapper.selectById
2023-05-09 22:12:20,194 DEBUG [main][MybatisConfiguration.java:128] - addMappedStatement: com.xuecheng.system.mapper.DictionaryMapper.selectById
2023-05-09 22:12:20,196 DEBUG [main][MybatisConfiguration.java:128] - addMappedStatement: com.xuecheng.system.mapper.DictionaryMapper.selectBatchIds
2023-05-09 22:12:20,196 DEBUG [main][MybatisConfiguration.java:128] - addMappedStatement: com.xuecheng.system.mapper.DictionaryMapper.selectBatchIds
2023-05-09 22:12:20,198 DEBUG [main][MybatisConfiguration.java:128] - addMappedStatement: com.xuecheng.system.mapper.DictionaryMapper.selectByMap
2023-05-09 22:12:20,198 DEBUG [main][MybatisConfiguration.java:128] - addMappedStatement: com.xuecheng.system.mapper.DictionaryMapper.selectByMap
2023-05-09 22:12:20,202 DEBUG [main][MybatisConfiguration.java:128] - addMappedStatement: com.xuecheng.system.mapper.DictionaryMapper.selectOne
2023-05-09 22:12:20,202 DEBUG [main][MybatisConfiguration.java:128] - addMappedStatement: com.xuecheng.system.mapper.DictionaryMapper.selectOne
2023-05-09 22:12:20,206 DEBUG [main][MybatisConfiguration.java:128] - addMappedStatement: com.xuecheng.system.mapper.DictionaryMapper.selectCount
2023-05-09 22:12:20,206 DEBUG [main][MybatisConfiguration.java:128] - addMappedStatement: com.xuecheng.system.mapper.DictionaryMapper.selectCount
2023-05-09 22:12:20,210 DEBUG [main][MybatisConfiguration.java:128] - addMappedStatement: com.xuecheng.system.mapper.DictionaryMapper.selectMaps
2023-05-09 22:12:20,210 DEBUG [main][MybatisConfiguration.java:128] - addMappedStatement: com.xuecheng.system.mapper.DictionaryMapper.selectMaps
2023-05-09 22:12:20,214 DEBUG [main][MybatisConfiguration.java:128] - addMappedStatement: com.xuecheng.system.mapper.DictionaryMapper.selectMapsPage
2023-05-09 22:12:20,214 DEBUG [main][MybatisConfiguration.java:128] - addMappedStatement: com.xuecheng.system.mapper.DictionaryMapper.selectMapsPage
2023-05-09 22:12:20,217 DEBUG [main][MybatisConfiguration.java:128] - addMappedStatement: com.xuecheng.system.mapper.DictionaryMapper.selectObjs
2023-05-09 22:12:20,217 DEBUG [main][MybatisConfiguration.java:128] - addMappedStatement: com.xuecheng.system.mapper.DictionaryMapper.selectObjs
2023-05-09 22:12:20,221 DEBUG [main][MybatisConfiguration.java:128] - addMappedStatement: com.xuecheng.system.mapper.DictionaryMapper.selectList
2023-05-09 22:12:20,221 DEBUG [main][MybatisConfiguration.java:128] - addMappedStatement: com.xuecheng.system.mapper.DictionaryMapper.selectList
2023-05-09 22:12:20,225 DEBUG [main][MybatisConfiguration.java:128] - addMappedStatement: com.xuecheng.system.mapper.DictionaryMapper.selectPage
2023-05-09 22:12:20,225 DEBUG [main][MybatisConfiguration.java:128] - addMappedStatement: com.xuecheng.system.mapper.DictionaryMapper.selectPage
2023-05-09 22:12:20,710 INFO [main][PropertySourcedRequestMappingHandlerMapping.java:69] - Mapped URL path [/v2/api-docs] onto method [springfox.documentation.swagger2.web.Swagger2Controller#getDocumentation(String, HttpServletRequest)]
2023-05-09 22:12:20,710 INFO [main][PropertySourcedRequestMappingHandlerMapping.java:69] - Mapped URL path [/v2/api-docs] onto method [springfox.documentation.swagger2.web.Swagger2Controller#getDocumentation(String, HttpServletRequest)]
2023-05-09 22:12:20,769 DEBUG [main][ResourceBundleMessageInterpolator.java:172] - Loaded expression factory via original TCCL
2023-05-09 22:12:20,769 DEBUG [main][ResourceBundleMessageInterpolator.java:172] - Loaded expression factory via original TCCL
2023-05-09 22:12:20,773 DEBUG [main][AbstractConfigurationImpl.java:171] - Setting custom MessageInterpolator of type org.springframework.validation.beanvalidation.LocaleContextMessageInterpolator
2023-05-09 22:12:20,773 DEBUG [main][AbstractConfigurationImpl.java:171] - Setting custom MessageInterpolator of type org.springframework.validation.beanvalidation.LocaleContextMessageInterpolator
2023-05-09 22:12:20,774 DEBUG [main][AbstractConfigurationImpl.java:203] - Setting custom ConstraintValidatorFactory of type org.springframework.validation.beanvalidation.SpringConstraintValidatorFactory
2023-05-09 22:12:20,774 DEBUG [main][AbstractConfigurationImpl.java:203] - Setting custom ConstraintValidatorFactory of type org.springframework.validation.beanvalidation.SpringConstraintValidatorFactory
2023-05-09 22:12:20,774 DEBUG [main][AbstractConfigurationImpl.java:217] - Setting custom ParameterNameProvider of type org.springframework.validation.beanvalidation.LocalValidatorFactoryBean$1
2023-05-09 22:12:20,774 DEBUG [main][AbstractConfigurationImpl.java:217] - Setting custom ParameterNameProvider of type org.springframework.validation.beanvalidation.LocalValidatorFactoryBean$1
2023-05-09 22:12:20,776 DEBUG [main][ValidationXmlParser.java:120] - Trying to load META-INF/validation.xml for XML based Validator configuration.
2023-05-09 22:12:20,776 DEBUG [main][ValidationXmlParser.java:120] - Trying to load META-INF/validation.xml for XML based Validator configuration.
2023-05-09 22:12:20,776 DEBUG [main][ResourceLoaderHelper.java:53] - Trying to load META-INF/validation.xml via user class loader
2023-05-09 22:12:20,776 DEBUG [main][ResourceLoaderHelper.java:53] - Trying to load META-INF/validation.xml via user class loader
2023-05-09 22:12:20,777 DEBUG [main][ResourceLoaderHelper.java:60] - Trying to load META-INF/validation.xml via TCCL
2023-05-09 22:12:20,777 DEBUG [main][ResourceLoaderHelper.java:60] - Trying to load META-INF/validation.xml via TCCL
2023-05-09 22:12:20,777 DEBUG [main][ResourceLoaderHelper.java:66] - Trying to load META-INF/validation.xml via Hibernate Validator's class loader
2023-05-09 22:12:20,777 DEBUG [main][ResourceLoaderHelper.java:66] - Trying to load META-INF/validation.xml via Hibernate Validator's class loader
2023-05-09 22:12:20,777 DEBUG [main][ValidationXmlParser.java:127] - No META-INF/validation.xml found. Using annotation based configuration only.
2023-05-09 22:12:20,777 DEBUG [main][ValidationXmlParser.java:127] - No META-INF/validation.xml found. Using annotation based configuration only.
2023-05-09 22:12:20,778 DEBUG [main][TraversableResolvers.java:60] - Cannot find javax.persistence.Persistence on classpath. Assuming non JPA 2 environment. All properties will per default be traversable.
2023-05-09 22:12:20,778 DEBUG [main][TraversableResolvers.java:60] - Cannot find javax.persistence.Persistence on classpath. Assuming non JPA 2 environment. All properties will per default be traversable.
2023-05-09 22:12:20,781 DEBUG [main][ValidatorFactoryConfigurationHelper.java:300] - HV000252: Using org.hibernate.validator.internal.engine.DefaultPropertyNodeNameProvider as property node name provider.
2023-05-09 22:12:20,781 DEBUG [main][ValidatorFactoryConfigurationHelper.java:300] - HV000252: Using org.hibernate.validator.internal.engine.DefaultPropertyNodeNameProvider as property node name provider.
2023-05-09 22:12:20,782 DEBUG [main][ValidatorFactoryConfigurationHelper.java:375] - HV000234: Using org.springframework.validation.beanvalidation.LocaleContextMessageInterpolator as ValidatorFactory-scoped message interpolator.
2023-05-09 22:12:20,782 DEBUG [main][ValidatorFactoryConfigurationHelper.java:375] - HV000234: Using org.springframework.validation.beanvalidation.LocaleContextMessageInterpolator as ValidatorFactory-scoped message interpolator.
2023-05-09 22:12:20,782 DEBUG [main][ValidatorFactoryConfigurationHelper.java:376] - HV000234: Using org.hibernate.validator.internal.engine.resolver.TraverseAllTraversableResolver as ValidatorFactory-scoped traversable resolver.
2023-05-09 22:12:20,782 DEBUG [main][ValidatorFactoryConfigurationHelper.java:376] - HV000234: Using org.hibernate.validator.internal.engine.resolver.TraverseAllTraversableResolver as ValidatorFactory-scoped traversable resolver.
2023-05-09 22:12:20,782 DEBUG [main][ValidatorFactoryConfigurationHelper.java:377] - HV000234: Using org.hibernate.validator.internal.util.ExecutableParameterNameProvider as ValidatorFactory-scoped parameter name provider.
2023-05-09 22:12:20,782 DEBUG [main][ValidatorFactoryConfigurationHelper.java:377] - HV000234: Using org.hibernate.validator.internal.util.ExecutableParameterNameProvider as ValidatorFactory-scoped parameter name provider.
2023-05-09 22:12:20,782 DEBUG [main][ValidatorFactoryConfigurationHelper.java:378] - HV000234: Using org.hibernate.validator.internal.engine.DefaultClockProvider as ValidatorFactory-scoped clock provider.
2023-05-09 22:12:20,782 DEBUG [main][ValidatorFactoryConfigurationHelper.java:378] - HV000234: Using org.hibernate.validator.internal.engine.DefaultClockProvider as ValidatorFactory-scoped clock provider.
2023-05-09 22:12:20,783 DEBUG [main][ValidatorFactoryConfigurationHelper.java:379] - HV000234: Using org.hibernate.validator.internal.engine.scripting.DefaultScriptEvaluatorFactory as ValidatorFactory-scoped script evaluator factory.
2023-05-09 22:12:20,783 DEBUG [main][ValidatorFactoryConfigurationHelper.java:379] - HV000234: Using org.hibernate.validator.internal.engine.scripting.DefaultScriptEvaluatorFactory as ValidatorFactory-scoped script evaluator factory.
2023-05-09 22:12:20,871 INFO [main][ExecutorConfigurationSupport.java:181] - Initializing ExecutorService 'applicationTaskExecutor'
2023-05-09 22:12:20,871 INFO [main][ExecutorConfigurationSupport.java:181] - Initializing ExecutorService 'applicationTaskExecutor'
2023-05-09 22:12:21,039 INFO [main][ExecutorConfigurationSupport.java:181] - Initializing ExecutorService 'taskScheduler'
2023-05-09 22:12:21,039 INFO [main][ExecutorConfigurationSupport.java:181] - Initializing ExecutorService 'taskScheduler'
2023-05-09 22:12:21,136 INFO [main][DirectJDKLog.java:173] - Starting ProtocolHandler ["http-nio-63110"]
2023-05-09 22:12:21,136 INFO [main][DirectJDKLog.java:173] - Starting ProtocolHandler ["http-nio-63110"]
2023-05-09 22:12:21,185 INFO [main][TomcatWebServer.java:220] - Tomcat started on port(s): 63110 (http) with context path '/system'
2023-05-09 22:12:21,185 INFO [main][TomcatWebServer.java:220] - Tomcat started on port(s): 63110 (http) with context path '/system'
2023-05-09 22:12:21,187 INFO [main][DocumentationPluginsBootstrapper.java:160] - Context refreshed
2023-05-09 22:12:21,187 INFO [main][DocumentationPluginsBootstrapper.java:160] - Context refreshed
2023-05-09 22:12:21,209 INFO [main][DocumentationPluginsBootstrapper.java:163] - Found 1 custom documentation plugin(s)
2023-05-09 22:12:21,209 INFO [main][DocumentationPluginsBootstrapper.java:163] - Found 1 custom documentation plugin(s)
2023-05-09 22:12:21,263 INFO [main][ApiListingReferenceScanner.java:41] - Scanning for api listing references
2023-05-09 22:12:21,263 INFO [main][ApiListingReferenceScanner.java:41] - Scanning for api listing references
2023-05-09 22:12:21,305 INFO [main][StartupInfoLogger.java:61] - Started SystemApplication in 4.148 seconds (JVM running for 5.659)
2023-05-09 22:12:21,305 INFO [main][StartupInfoLogger.java:61] - Started SystemApplication in 4.148 seconds (JVM running for 5.659)
2023-05-09 22:13:10,366 INFO [http-nio-63110-exec-7][DirectJDKLog.java:173] - Initializing Spring DispatcherServlet 'dispatcherServlet'
2023-05-09 22:13:10,366 INFO [http-nio-63110-exec-7][DirectJDKLog.java:173] - Initializing Spring DispatcherServlet 'dispatcherServlet'
2023-05-09 22:13:10,367 INFO [http-nio-63110-exec-7][FrameworkServlet.java:525] - Initializing Servlet 'dispatcherServlet'
2023-05-09 22:13:10,367 INFO [http-nio-63110-exec-7][FrameworkServlet.java:525] - Initializing Servlet 'dispatcherServlet'
2023-05-09 22:13:10,375 INFO [http-nio-63110-exec-7][FrameworkServlet.java:547] - Completed initialization in 8 ms
2023-05-09 22:13:10,375 INFO [http-nio-63110-exec-7][FrameworkServlet.java:547] - Completed initialization in 8 ms
2023-05-09 22:13:10,484 DEBUG [http-nio-63110-exec-7][HikariConfig.java:1066] - HikariPool-1 - configuration:
2023-05-09 22:13:10,484 DEBUG [http-nio-63110-exec-7][HikariConfig.java:1066] - HikariPool-1 - configuration:
2023-05-09 22:13:10,487 DEBUG [http-nio-63110-exec-7][HikariConfig.java:1098] - allowPoolSuspension.............false
2023-05-09 22:13:10,487 DEBUG [http-nio-63110-exec-7][HikariConfig.java:1098] - allowPoolSuspension.............false
2023-05-09 22:13:10,488 DEBUG [http-nio-63110-exec-7][HikariConfig.java:1098] - autoCommit......................true
2023-05-09 22:13:10,488 DEBUG [http-nio-63110-exec-7][HikariConfig.java:1098] - autoCommit......................true
2023-05-09 22:13:10,488 DEBUG [http-nio-63110-exec-7][HikariConfig.java:1098] - catalog.........................none
2023-05-09 22:13:10,488 DEBUG [http-nio-63110-exec-7][HikariConfig.java:1098] - catalog.........................none
2023-05-09 22:13:10,488 DEBUG [http-nio-63110-exec-7][HikariConfig.java:1098] - connectionInitSql...............none
2023-05-09 22:13:10,488 DEBUG [http-nio-63110-exec-7][HikariConfig.java:1098] - connectionInitSql...............none
2023-05-09 22:13:10,488 DEBUG [http-nio-63110-exec-7][HikariConfig.java:1098] - connectionTestQuery.............none
2023-05-09 22:13:10,488 DEBUG [http-nio-63110-exec-7][HikariConfig.java:1098] - connectionTestQuery.............none
2023-05-09 22:13:10,488 DEBUG [http-nio-63110-exec-7][HikariConfig.java:1098] - connectionTimeout...............30000
2023-05-09 22:13:10,488 DEBUG [http-nio-63110-exec-7][HikariConfig.java:1098] - connectionTimeout...............30000
2023-05-09 22:13:10,489 DEBUG [http-nio-63110-exec-7][HikariConfig.java:1098] - dataSource......................none
2023-05-09 22:13:10,489 DEBUG [http-nio-63110-exec-7][HikariConfig.java:1098] - dataSource......................none
2023-05-09 22:13:10,489 DEBUG [http-nio-63110-exec-7][HikariConfig.java:1098] - dataSourceClassName.............none
2023-05-09 22:13:10,489 DEBUG [http-nio-63110-exec-7][HikariConfig.java:1098] - dataSourceClassName.............none
2023-05-09 22:13:10,489 DEBUG [http-nio-63110-exec-7][HikariConfig.java:1098] - dataSourceJNDI..................none
2023-05-09 22:13:10,489 DEBUG [http-nio-63110-exec-7][HikariConfig.java:1098] - dataSourceJNDI..................none
2023-05-09 22:13:10,489 DEBUG [http-nio-63110-exec-7][HikariConfig.java:1098] - dataSourceProperties............{password=<masked>}
2023-05-09 22:13:10,489 DEBUG [http-nio-63110-exec-7][HikariConfig.java:1098] - dataSourceProperties............{password=<masked>}
2023-05-09 22:13:10,490 DEBUG [http-nio-63110-exec-7][HikariConfig.java:1098] - driverClassName................."com.mysql.cj.jdbc.Driver"
2023-05-09 22:13:10,490 DEBUG [http-nio-63110-exec-7][HikariConfig.java:1098] - driverClassName................."com.mysql.cj.jdbc.Driver"
2023-05-09 22:13:10,490 DEBUG [http-nio-63110-exec-7][HikariConfig.java:1098] - exceptionOverrideClassName......none
2023-05-09 22:13:10,490 DEBUG [http-nio-63110-exec-7][HikariConfig.java:1098] - exceptionOverrideClassName......none
2023-05-09 22:13:10,490 DEBUG [http-nio-63110-exec-7][HikariConfig.java:1098] - healthCheckProperties...........{}
2023-05-09 22:13:10,490 DEBUG [http-nio-63110-exec-7][HikariConfig.java:1098] - healthCheckProperties...........{}
2023-05-09 22:13:10,490 DEBUG [http-nio-63110-exec-7][HikariConfig.java:1098] - healthCheckRegistry.............none
2023-05-09 22:13:10,490 DEBUG [http-nio-63110-exec-7][HikariConfig.java:1098] - healthCheckRegistry.............none
2023-05-09 22:13:10,491 DEBUG [http-nio-63110-exec-7][HikariConfig.java:1098] - idleTimeout.....................600000
2023-05-09 22:13:10,491 DEBUG [http-nio-63110-exec-7][HikariConfig.java:1098] - idleTimeout.....................600000
2023-05-09 22:13:10,491 DEBUG [http-nio-63110-exec-7][HikariConfig.java:1098] - initializationFailTimeout.......1
2023-05-09 22:13:10,491 DEBUG [http-nio-63110-exec-7][HikariConfig.java:1098] - initializationFailTimeout.......1
2023-05-09 22:13:10,491 DEBUG [http-nio-63110-exec-7][HikariConfig.java:1098] - isolateInternalQueries..........false
2023-05-09 22:13:10,491 DEBUG [http-nio-63110-exec-7][HikariConfig.java:1098] - isolateInternalQueries..........false
2023-05-09 22:13:10,492 DEBUG [http-nio-63110-exec-7][HikariConfig.java:1098] - jdbcUrl.........................jdbc:mysql://192.168.181.1:3306/xc402_system?serverTimezone=UTC&userUnicode=true&useSSL=false&
2023-05-09 22:13:10,492 DEBUG [http-nio-63110-exec-7][HikariConfig.java:1098] - jdbcUrl.........................jdbc:mysql://192.168.181.1:3306/xc402_system?serverTimezone=UTC&userUnicode=true&useSSL=false&
2023-05-09 22:13:10,492 DEBUG [http-nio-63110-exec-7][HikariConfig.java:1098] - leakDetectionThreshold..........0
2023-05-09 22:13:10,492 DEBUG [http-nio-63110-exec-7][HikariConfig.java:1098] - leakDetectionThreshold..........0
2023-05-09 22:13:10,492 DEBUG [http-nio-63110-exec-7][HikariConfig.java:1098] - maxLifetime.....................1800000
2023-05-09 22:13:10,492 DEBUG [http-nio-63110-exec-7][HikariConfig.java:1098] - maxLifetime.....................1800000
2023-05-09 22:13:10,492 DEBUG [http-nio-63110-exec-7][HikariConfig.java:1098] - maximumPoolSize.................10
2023-05-09 22:13:10,492 DEBUG [http-nio-63110-exec-7][HikariConfig.java:1098] - maximumPoolSize.................10
2023-05-09 22:13:10,493 DEBUG [http-nio-63110-exec-7][HikariConfig.java:1098] - metricRegistry..................none
2023-05-09 22:13:10,493 DEBUG [http-nio-63110-exec-7][HikariConfig.java:1098] - metricRegistry..................none
2023-05-09 22:13:10,493 DEBUG [http-nio-63110-exec-7][HikariConfig.java:1098] - metricsTrackerFactory...........none
2023-05-09 22:13:10,493 DEBUG [http-nio-63110-exec-7][HikariConfig.java:1098] - metricsTrackerFactory...........none
2023-05-09 22:13:10,493 DEBUG [http-nio-63110-exec-7][HikariConfig.java:1098] - minimumIdle.....................10
2023-05-09 22:13:10,493 DEBUG [http-nio-63110-exec-7][HikariConfig.java:1098] - minimumIdle.....................10
2023-05-09 22:13:10,494 DEBUG [http-nio-63110-exec-7][HikariConfig.java:1098] - password........................<masked>
2023-05-09 22:13:10,494 DEBUG [http-nio-63110-exec-7][HikariConfig.java:1098] - password........................<masked>
2023-05-09 22:13:10,494 DEBUG [http-nio-63110-exec-7][HikariConfig.java:1098] - poolName........................"HikariPool-1"
2023-05-09 22:13:10,494 DEBUG [http-nio-63110-exec-7][HikariConfig.java:1098] - poolName........................"HikariPool-1"
2023-05-09 22:13:10,494 DEBUG [http-nio-63110-exec-7][HikariConfig.java:1098] - readOnly........................false
2023-05-09 22:13:10,494 DEBUG [http-nio-63110-exec-7][HikariConfig.java:1098] - readOnly........................false
2023-05-09 22:13:10,494 DEBUG [http-nio-63110-exec-7][HikariConfig.java:1098] - registerMbeans..................false
2023-05-09 22:13:10,494 DEBUG [http-nio-63110-exec-7][HikariConfig.java:1098] - registerMbeans..................false
2023-05-09 22:13:10,494 DEBUG [http-nio-63110-exec-7][HikariConfig.java:1098] - scheduledExecutor...............none
2023-05-09 22:13:10,494 DEBUG [http-nio-63110-exec-7][HikariConfig.java:1098] - scheduledExecutor...............none
2023-05-09 22:13:10,495 DEBUG [http-nio-63110-exec-7][HikariConfig.java:1098] - schema..........................none
2023-05-09 22:13:10,495 DEBUG [http-nio-63110-exec-7][HikariConfig.java:1098] - schema..........................none
2023-05-09 22:13:10,495 DEBUG [http-nio-63110-exec-7][HikariConfig.java:1098] - threadFactory...................internal
2023-05-09 22:13:10,495 DEBUG [http-nio-63110-exec-7][HikariConfig.java:1098] - threadFactory...................internal
2023-05-09 22:13:10,495 DEBUG [http-nio-63110-exec-7][HikariConfig.java:1098] - transactionIsolation............default
2023-05-09 22:13:10,495 DEBUG [http-nio-63110-exec-7][HikariConfig.java:1098] - transactionIsolation............default
2023-05-09 22:13:10,495 DEBUG [http-nio-63110-exec-7][HikariConfig.java:1098] - username........................"root"
2023-05-09 22:13:10,495 DEBUG [http-nio-63110-exec-7][HikariConfig.java:1098] - username........................"root"
2023-05-09 22:13:10,495 DEBUG [http-nio-63110-exec-7][HikariConfig.java:1098] - validationTimeout...............5000
2023-05-09 22:13:10,495 DEBUG [http-nio-63110-exec-7][HikariConfig.java:1098] - validationTimeout...............5000
2023-05-09 22:13:10,496 INFO [http-nio-63110-exec-7][HikariDataSource.java:110] - HikariPool-1 - Starting...
2023-05-09 22:13:10,496 INFO [http-nio-63110-exec-7][HikariDataSource.java:110] - HikariPool-1 - Starting...
2023-05-09 22:13:10,678 DEBUG [http-nio-63110-exec-7][HikariPool.java:564] - HikariPool-1 - Added connection com.mysql.cj.jdbc.ConnectionImpl@5a7064ac
2023-05-09 22:13:10,678 DEBUG [http-nio-63110-exec-7][HikariPool.java:564] - HikariPool-1 - Added connection com.mysql.cj.jdbc.ConnectionImpl@5a7064ac
2023-05-09 22:13:10,680 INFO [http-nio-63110-exec-7][HikariDataSource.java:123] - HikariPool-1 - Start completed.
2023-05-09 22:13:10,680 INFO [http-nio-63110-exec-7][HikariDataSource.java:123] - HikariPool-1 - Start completed.
2023-05-09 22:13:10,685 DEBUG [http-nio-63110-exec-7][BaseJdbcLogger.java:137] - ==>  Preparing: SELECT id,name,code,item_values FROM dictionary
2023-05-09 22:13:10,685 DEBUG [http-nio-63110-exec-7][BaseJdbcLogger.java:137] - ==>  Preparing: SELECT id,name,code,item_values FROM dictionary
2023-05-09 22:13:10,714 DEBUG [http-nio-63110-exec-7][BaseJdbcLogger.java:137] - ==> Parameters: 
2023-05-09 22:13:10,714 DEBUG [http-nio-63110-exec-7][BaseJdbcLogger.java:137] - ==> Parameters: 
2023-05-09 22:13:10,784 DEBUG [HikariPool-1 housekeeper][HikariPool.java:421] - HikariPool-1 - Pool stats (total=1, active=1, idle=0, waiting=0)
2023-05-09 22:13:10,784 DEBUG [HikariPool-1 housekeeper][HikariPool.java:421] - HikariPool-1 - Pool stats (total=1, active=1, idle=0, waiting=0)
2023-05-09 22:13:10,790 DEBUG [http-nio-63110-exec-7][BaseJdbcLogger.java:137] - <==      Total: 17
2023-05-09 22:13:10,790 DEBUG [http-nio-63110-exec-7][BaseJdbcLogger.java:137] - <==      Total: 17
2023-05-09 22:13:10,803 DEBUG [HikariPool-1 connection adder][HikariPool.java:728] - HikariPool-1 - Added connection com.mysql.cj.jdbc.ConnectionImpl@29af9301
2023-05-09 22:13:10,803 DEBUG [HikariPool-1 connection adder][HikariPool.java:728] - HikariPool-1 - Added connection com.mysql.cj.jdbc.ConnectionImpl@29af9301
2023-05-09 22:13:10,822 DEBUG [HikariPool-1 connection adder][HikariPool.java:728] - HikariPool-1 - Added connection com.mysql.cj.jdbc.ConnectionImpl@6892993a
2023-05-09 22:13:10,822 DEBUG [HikariPool-1 connection adder][HikariPool.java:728] - HikariPool-1 - Added connection com.mysql.cj.jdbc.ConnectionImpl@6892993a
2023-05-09 22:13:10,837 DEBUG [HikariPool-1 connection adder][HikariPool.java:728] - HikariPool-1 - Added connection com.mysql.cj.jdbc.ConnectionImpl@5930943d
2023-05-09 22:13:10,837 DEBUG [HikariPool-1 connection adder][HikariPool.java:728] - HikariPool-1 - Added connection com.mysql.cj.jdbc.ConnectionImpl@5930943d
2023-05-09 22:13:10,851 DEBUG [HikariPool-1 connection adder][HikariPool.java:728] - HikariPool-1 - Added connection com.mysql.cj.jdbc.ConnectionImpl@8bd6675
2023-05-09 22:13:10,851 DEBUG [HikariPool-1 connection adder][HikariPool.java:728] - HikariPool-1 - Added connection com.mysql.cj.jdbc.ConnectionImpl@8bd6675
2023-05-09 22:13:10,866 DEBUG [HikariPool-1 connection adder][HikariPool.java:728] - HikariPool-1 - Added connection com.mysql.cj.jdbc.ConnectionImpl@4877d278
2023-05-09 22:13:10,866 DEBUG [HikariPool-1 connection adder][HikariPool.java:728] - HikariPool-1 - Added connection com.mysql.cj.jdbc.ConnectionImpl@4877d278
2023-05-09 22:13:10,887 DEBUG [HikariPool-1 connection adder][HikariPool.java:728] - HikariPool-1 - Added connection com.mysql.cj.jdbc.ConnectionImpl@cf31a79
2023-05-09 22:13:10,887 DEBUG [HikariPool-1 connection adder][HikariPool.java:728] - HikariPool-1 - Added connection com.mysql.cj.jdbc.ConnectionImpl@cf31a79
2023-05-09 22:13:10,909 DEBUG [HikariPool-1 connection adder][HikariPool.java:728] - HikariPool-1 - Added connection com.mysql.cj.jdbc.ConnectionImpl@2bc011e2
2023-05-09 22:13:10,909 DEBUG [HikariPool-1 connection adder][HikariPool.java:728] - HikariPool-1 - Added connection com.mysql.cj.jdbc.ConnectionImpl@2bc011e2
2023-05-09 22:13:10,929 DEBUG [HikariPool-1 connection adder][HikariPool.java:728] - HikariPool-1 - Added connection com.mysql.cj.jdbc.ConnectionImpl@3f9135ca
2023-05-09 22:13:10,929 DEBUG [HikariPool-1 connection adder][HikariPool.java:728] - HikariPool-1 - Added connection com.mysql.cj.jdbc.ConnectionImpl@3f9135ca
2023-05-09 22:13:10,953 DEBUG [HikariPool-1 connection adder][HikariPool.java:728] - HikariPool-1 - Added connection com.mysql.cj.jdbc.ConnectionImpl@75909421
2023-05-09 22:13:10,953 DEBUG [HikariPool-1 connection adder][HikariPool.java:728] - HikariPool-1 - Added connection com.mysql.cj.jdbc.ConnectionImpl@75909421
2023-05-09 22:13:10,954 DEBUG [HikariPool-1 connection adder][HikariPool.java:421] - HikariPool-1 - After adding stats (total=10, active=0, idle=10, waiting=0)
2023-05-09 22:13:10,954 DEBUG [HikariPool-1 connection adder][HikariPool.java:421] - HikariPool-1 - After adding stats (total=10, active=0, idle=10, waiting=0)
2023-05-09 22:13:31,818 DEBUG [http-nio-63110-exec-2][BaseJdbcLogger.java:137] - ==>  Preparing: SELECT id,name,code,item_values FROM dictionary
2023-05-09 22:13:31,818 DEBUG [http-nio-63110-exec-2][BaseJdbcLogger.java:137] - ==>  Preparing: SELECT id,name,code,item_values FROM dictionary
2023-05-09 22:13:31,819 DEBUG [http-nio-63110-exec-2][BaseJdbcLogger.java:137] - ==> Parameters: 
2023-05-09 22:13:31,819 DEBUG [http-nio-63110-exec-2][BaseJdbcLogger.java:137] - ==> Parameters: 
2023-05-09 22:13:31,823 DEBUG [http-nio-63110-exec-2][BaseJdbcLogger.java:137] - <==      Total: 17
2023-05-09 22:13:31,823 DEBUG [http-nio-63110-exec-2][BaseJdbcLogger.java:137] - <==      Total: 17
2023-05-09 22:13:40,785 DEBUG [HikariPool-1 housekeeper][HikariPool.java:421] - HikariPool-1 - Pool stats (total=10, active=0, idle=10, waiting=0)
2023-05-09 22:13:40,785 DEBUG [HikariPool-1 housekeeper][HikariPool.java:421] - HikariPool-1 - Pool stats (total=10, active=0, idle=10, waiting=0)
2023-05-09 22:13:40,785 DEBUG [HikariPool-1 housekeeper][HikariPool.java:517] - HikariPool-1 - Fill pool skipped, pool is at sufficient level.
2023-05-09 22:13:40,785 DEBUG [HikariPool-1 housekeeper][HikariPool.java:517] - HikariPool-1 - Fill pool skipped, pool is at sufficient level.
2023-05-09 22:14:10,788 DEBUG [HikariPool-1 housekeeper][HikariPool.java:421] - HikariPool-1 - Pool stats (total=10, active=0, idle=10, waiting=0)
2023-05-09 22:14:10,788 DEBUG [HikariPool-1 housekeeper][HikariPool.java:421] - HikariPool-1 - Pool stats (total=10, active=0, idle=10, waiting=0)
2023-05-09 22:14:10,788 DEBUG [HikariPool-1 housekeeper][HikariPool.java:517] - HikariPool-1 - Fill pool skipped, pool is at sufficient level.
2023-05-09 22:14:10,788 DEBUG [HikariPool-1 housekeeper][HikariPool.java:517] - HikariPool-1 - Fill pool skipped, pool is at sufficient level.
2023-05-09 22:14:40,790 DEBUG [HikariPool-1 housekeeper][HikariPool.java:421] - HikariPool-1 - Pool stats (total=10, active=0, idle=10, waiting=0)
2023-05-09 22:14:40,790 DEBUG [HikariPool-1 housekeeper][HikariPool.java:421] - HikariPool-1 - Pool stats (total=10, active=0, idle=10, waiting=0)
2023-05-09 22:14:40,791 DEBUG [HikariPool-1 housekeeper][HikariPool.java:517] - HikariPool-1 - Fill pool skipped, pool is at sufficient level.
2023-05-09 22:14:40,791 DEBUG [HikariPool-1 housekeeper][HikariPool.java:517] - HikariPool-1 - Fill pool skipped, pool is at sufficient level.
2023-05-09 22:15:10,792 DEBUG [HikariPool-1 housekeeper][HikariPool.java:421] - HikariPool-1 - Pool stats (total=10, active=0, idle=10, waiting=0)
2023-05-09 22:15:10,792 DEBUG [HikariPool-1 housekeeper][HikariPool.java:421] - HikariPool-1 - Pool stats (total=10, active=0, idle=10, waiting=0)
2023-05-09 22:15:10,792 DEBUG [HikariPool-1 housekeeper][HikariPool.java:517] - HikariPool-1 - Fill pool skipped, pool is at sufficient level.
2023-05-09 22:15:10,792 DEBUG [HikariPool-1 housekeeper][HikariPool.java:517] - HikariPool-1 - Fill pool skipped, pool is at sufficient level.
2023-05-09 22:15:40,795 DEBUG [HikariPool-1 housekeeper][HikariPool.java:421] - HikariPool-1 - Pool stats (total=10, active=0, idle=10, waiting=0)
2023-05-09 22:15:40,795 DEBUG [HikariPool-1 housekeeper][HikariPool.java:421] - HikariPool-1 - Pool stats (total=10, active=0, idle=10, waiting=0)
2023-05-09 22:15:40,795 DEBUG [HikariPool-1 housekeeper][HikariPool.java:517] - HikariPool-1 - Fill pool skipped, pool is at sufficient level.
2023-05-09 22:15:40,795 DEBUG [HikariPool-1 housekeeper][HikariPool.java:517] - HikariPool-1 - Fill pool skipped, pool is at sufficient level.
2023-05-09 22:16:10,796 DEBUG [HikariPool-1 housekeeper][HikariPool.java:421] - HikariPool-1 - Pool stats (total=10, active=0, idle=10, waiting=0)
2023-05-09 22:16:10,796 DEBUG [HikariPool-1 housekeeper][HikariPool.java:421] - HikariPool-1 - Pool stats (total=10, active=0, idle=10, waiting=0)
2023-05-09 22:16:10,796 DEBUG [HikariPool-1 housekeeper][HikariPool.java:517] - HikariPool-1 - Fill pool skipped, pool is at sufficient level.
2023-05-09 22:16:10,796 DEBUG [HikariPool-1 housekeeper][HikariPool.java:517] - HikariPool-1 - Fill pool skipped, pool is at sufficient level.
2023-05-09 22:16:40,797 DEBUG [HikariPool-1 housekeeper][HikariPool.java:421] - HikariPool-1 - Pool stats (total=10, active=0, idle=10, waiting=0)
2023-05-09 22:16:40,797 DEBUG [HikariPool-1 housekeeper][HikariPool.java:421] - HikariPool-1 - Pool stats (total=10, active=0, idle=10, waiting=0)
2023-05-09 22:16:40,797 DEBUG [HikariPool-1 housekeeper][HikariPool.java:517] - HikariPool-1 - Fill pool skipped, pool is at sufficient level.
2023-05-09 22:16:40,797 DEBUG [HikariPool-1 housekeeper][HikariPool.java:517] - HikariPool-1 - Fill pool skipped, pool is at sufficient level.
2023-05-09 22:17:10,800 DEBUG [HikariPool-1 housekeeper][HikariPool.java:421] - HikariPool-1 - Pool stats (total=10, active=0, idle=10, waiting=0)
2023-05-09 22:17:10,800 DEBUG [HikariPool-1 housekeeper][HikariPool.java:421] - HikariPool-1 - Pool stats (total=10, active=0, idle=10, waiting=0)
2023-05-09 22:17:10,800 DEBUG [HikariPool-1 housekeeper][HikariPool.java:517] - HikariPool-1 - Fill pool skipped, pool is at sufficient level.
2023-05-09 22:17:10,800 DEBUG [HikariPool-1 housekeeper][HikariPool.java:517] - HikariPool-1 - Fill pool skipped, pool is at sufficient level.
2023-05-09 22:17:40,802 DEBUG [HikariPool-1 housekeeper][HikariPool.java:421] - HikariPool-1 - Pool stats (total=10, active=0, idle=10, waiting=0)
2023-05-09 22:17:40,802 DEBUG [HikariPool-1 housekeeper][HikariPool.java:421] - HikariPool-1 - Pool stats (total=10, active=0, idle=10, waiting=0)
2023-05-09 22:17:40,803 DEBUG [HikariPool-1 housekeeper][HikariPool.java:517] - HikariPool-1 - Fill pool skipped, pool is at sufficient level.
2023-05-09 22:17:40,803 DEBUG [HikariPool-1 housekeeper][HikariPool.java:517] - HikariPool-1 - Fill pool skipped, pool is at sufficient level.
2023-05-09 22:18:10,804 DEBUG [HikariPool-1 housekeeper][HikariPool.java:421] - HikariPool-1 - Pool stats (total=10, active=0, idle=10, waiting=0)
2023-05-09 22:18:10,804 DEBUG [HikariPool-1 housekeeper][HikariPool.java:421] - HikariPool-1 - Pool stats (total=10, active=0, idle=10, waiting=0)
2023-05-09 22:18:10,804 DEBUG [HikariPool-1 housekeeper][HikariPool.java:517] - HikariPool-1 - Fill pool skipped, pool is at sufficient level.
2023-05-09 22:18:10,804 DEBUG [HikariPool-1 housekeeper][HikariPool.java:517] - HikariPool-1 - Fill pool skipped, pool is at sufficient level.
2023-05-09 22:18:14,657 INFO [SpringContextShutdownHook][ExecutorConfigurationSupport.java:218] - Shutting down ExecutorService 'taskScheduler'
2023-05-09 22:18:14,657 INFO [SpringContextShutdownHook][ExecutorConfigurationSupport.java:218] - Shutting down ExecutorService 'taskScheduler'
2023-05-09 22:18:14,659 INFO [SpringContextShutdownHook][ExecutorConfigurationSupport.java:218] - Shutting down ExecutorService 'applicationTaskExecutor'
2023-05-09 22:18:14,659 INFO [SpringContextShutdownHook][ExecutorConfigurationSupport.java:218] - Shutting down ExecutorService 'applicationTaskExecutor'
2023-05-09 22:18:14,660 INFO [SpringContextShutdownHook][HikariDataSource.java:350] - HikariPool-1 - Shutdown initiated...
2023-05-09 22:18:14,660 INFO [SpringContextShutdownHook][HikariDataSource.java:350] - HikariPool-1 - Shutdown initiated...
2023-05-09 22:18:14,660 DEBUG [SpringContextShutdownHook][HikariPool.java:421] - HikariPool-1 - Before shutdown stats (total=10, active=0, idle=10, waiting=0)
2023-05-09 22:18:14,660 DEBUG [SpringContextShutdownHook][HikariPool.java:421] - HikariPool-1 - Before shutdown stats (total=10, active=0, idle=10, waiting=0)
2023-05-09 22:18:14,661 DEBUG [HikariPool-1 connection closer][PoolBase.java:134] - HikariPool-1 - Closing connection com.mysql.cj.jdbc.ConnectionImpl@5a7064ac: (connection evicted)
2023-05-09 22:18:14,661 DEBUG [HikariPool-1 connection closer][PoolBase.java:134] - HikariPool-1 - Closing connection com.mysql.cj.jdbc.ConnectionImpl@5a7064ac: (connection evicted)
2023-05-09 22:18:14,666 DEBUG [HikariPool-1 connection closer][PoolBase.java:134] - HikariPool-1 - Closing connection com.mysql.cj.jdbc.ConnectionImpl@29af9301: (connection evicted)
2023-05-09 22:18:14,666 DEBUG [HikariPool-1 connection closer][PoolBase.java:134] - HikariPool-1 - Closing connection com.mysql.cj.jdbc.ConnectionImpl@29af9301: (connection evicted)
2023-05-09 22:18:14,666 DEBUG [HikariPool-1 connection closer][PoolBase.java:134] - HikariPool-1 - Closing connection com.mysql.cj.jdbc.ConnectionImpl@6892993a: (connection evicted)
2023-05-09 22:18:14,666 DEBUG [HikariPool-1 connection closer][PoolBase.java:134] - HikariPool-1 - Closing connection com.mysql.cj.jdbc.ConnectionImpl@6892993a: (connection evicted)
2023-05-09 22:18:14,666 DEBUG [HikariPool-1 connection closer][PoolBase.java:134] - HikariPool-1 - Closing connection com.mysql.cj.jdbc.ConnectionImpl@5930943d: (connection evicted)
2023-05-09 22:18:14,666 DEBUG [HikariPool-1 connection closer][PoolBase.java:134] - HikariPool-1 - Closing connection com.mysql.cj.jdbc.ConnectionImpl@5930943d: (connection evicted)
2023-05-09 22:18:14,667 DEBUG [HikariPool-1 connection closer][PoolBase.java:134] - HikariPool-1 - Closing connection com.mysql.cj.jdbc.ConnectionImpl@8bd6675: (connection evicted)
2023-05-09 22:18:14,667 DEBUG [HikariPool-1 connection closer][PoolBase.java:134] - HikariPool-1 - Closing connection com.mysql.cj.jdbc.ConnectionImpl@8bd6675: (connection evicted)
2023-05-09 22:18:14,667 DEBUG [HikariPool-1 connection closer][PoolBase.java:134] - HikariPool-1 - Closing connection com.mysql.cj.jdbc.ConnectionImpl@4877d278: (connection evicted)
2023-05-09 22:18:14,667 DEBUG [HikariPool-1 connection closer][PoolBase.java:134] - HikariPool-1 - Closing connection com.mysql.cj.jdbc.ConnectionImpl@4877d278: (connection evicted)
2023-05-09 22:18:14,667 DEBUG [HikariPool-1 connection closer][PoolBase.java:134] - HikariPool-1 - Closing connection com.mysql.cj.jdbc.ConnectionImpl@cf31a79: (connection evicted)
2023-05-09 22:18:14,667 DEBUG [HikariPool-1 connection closer][PoolBase.java:134] - HikariPool-1 - Closing connection com.mysql.cj.jdbc.ConnectionImpl@cf31a79: (connection evicted)
2023-05-09 22:18:14,667 DEBUG [HikariPool-1 connection closer][PoolBase.java:134] - HikariPool-1 - Closing connection com.mysql.cj.jdbc.ConnectionImpl@2bc011e2: (connection evicted)
2023-05-09 22:18:14,667 DEBUG [HikariPool-1 connection closer][PoolBase.java:134] - HikariPool-1 - Closing connection com.mysql.cj.jdbc.ConnectionImpl@2bc011e2: (connection evicted)
2023-05-09 22:18:14,668 DEBUG [HikariPool-1 connection closer][PoolBase.java:134] - HikariPool-1 - Closing connection com.mysql.cj.jdbc.ConnectionImpl@3f9135ca: (connection evicted)
2023-05-09 22:18:14,668 DEBUG [HikariPool-1 connection closer][PoolBase.java:134] - HikariPool-1 - Closing connection com.mysql.cj.jdbc.ConnectionImpl@3f9135ca: (connection evicted)
2023-05-09 22:18:14,668 DEBUG [HikariPool-1 connection closer][PoolBase.java:134] - HikariPool-1 - Closing connection com.mysql.cj.jdbc.ConnectionImpl@75909421: (connection evicted)
2023-05-09 22:18:14,668 DEBUG [HikariPool-1 connection closer][PoolBase.java:134] - HikariPool-1 - Closing connection com.mysql.cj.jdbc.ConnectionImpl@75909421: (connection evicted)
2023-05-09 22:18:14,669 DEBUG [SpringContextShutdownHook][HikariPool.java:421] - HikariPool-1 - After shutdown stats (total=0, active=0, idle=0, waiting=0)
2023-05-09 22:18:14,669 DEBUG [SpringContextShutdownHook][HikariPool.java:421] - HikariPool-1 - After shutdown stats (total=0, active=0, idle=0, waiting=0)
2023-05-09 22:18:14,669 INFO [SpringContextShutdownHook][HikariDataSource.java:352] - HikariPool-1 - Shutdown completed.
2023-05-09 22:18:14,669 INFO [SpringContextShutdownHook][HikariDataSource.java:352] - HikariPool-1 - Shutdown completed.
